<?xml version="1.0" encoding="UTF-8"?>
<!-- Generated by org.testng.reporters.JUnitXMLReporter -->
<testsuite ignored="0" hostname="QT-INNO-LT1061" failures="2" tests="5" name="Test" time="10.627" errors="0" timestamp="2022-04-04T11:49:29 IST">
  <testcase classname="amazon_task07.Amazon_Task7" name="@AfterMethod shutdown" time="0.007">
    <failure type="org.openqa.selenium.NoSuchSessionException" message="invalid session id
Build info: version: &amp;apos;4.1.2&amp;apos;, revision: &amp;apos;9a5a329c5a&amp;apos;
System info: host: &amp;apos;QT-INNO-LT1061&amp;apos;, ip: &amp;apos;192.168.1.94&amp;apos;, os.name: &amp;apos;Windows 10&amp;apos;, os.arch: &amp;apos;amd64&amp;apos;, os.version: &amp;apos;10.0&amp;apos;, java.version: &amp;apos;17.0.2&amp;apos;
Driver info: org.openqa.selenium.edge.EdgeDriver
Command: [728de63be8e19625df6ff89928b7513a, close {}]
Capabilities {acceptInsecureCerts: false, browserName: msedge, browserVersion: 100.0.1185.29, javascriptEnabled: true, ms:edgeOptions: {debuggerAddress: localhost:60439}, msedge: {msedgedriverVersion: 99.0.1150.46 (a1c1ea0216022..., userDataDir: C:\Users\TANNU~1.SHA\AppDat...}, networkConnectionEnabled: false, pageLoadStrategy: normal, platform: WINDOWS, platformName: WINDOWS, proxy: Proxy(), se:cdp: ws://localhost:60439/devtoo..., se:cdpVersion: 100.0.1185.29, setWindowRect: true, strictFileInteractability: false, timeouts: {implicit: 0, pageLoad: 300000, script: 30000}, unhandledPromptBehavior: dismiss and notify, webauthn:extension:credBlob: true, webauthn:extension:largeBlob: true, webauthn:virtualAuthenticators: true}
Session ID: 728de63be8e19625df6ff89928b7513a">
      <![CDATA[org.openqa.selenium.NoSuchSessionException: invalid session id
Build info: version: '4.1.2', revision: '9a5a329c5a'
System info: host: 'QT-INNO-LT1061', ip: '192.168.1.94', os.name: 'Windows 10', os.arch: 'amd64', os.version: '10.0', java.version: '17.0.2'
Driver info: org.openqa.selenium.edge.EdgeDriver
Command: [728de63be8e19625df6ff89928b7513a, close {}]
Capabilities {acceptInsecureCerts: false, browserName: msedge, browserVersion: 100.0.1185.29, javascriptEnabled: true, ms:edgeOptions: {debuggerAddress: localhost:60439}, msedge: {msedgedriverVersion: 99.0.1150.46 (a1c1ea0216022..., userDataDir: C:\Users\TANNU~1.SHA\AppDat...}, networkConnectionEnabled: false, pageLoadStrategy: normal, platform: WINDOWS, platformName: WINDOWS, proxy: Proxy(), se:cdp: ws://localhost:60439/devtoo..., se:cdpVersion: 100.0.1185.29, setWindowRect: true, strictFileInteractability: false, timeouts: {implicit: 0, pageLoad: 300000, script: 30000}, unhandledPromptBehavior: dismiss and notify, webauthn:extension:credBlob: true, webauthn:extension:largeBlob: true, webauthn:virtualAuthenticators: true}
Session ID: 728de63be8e19625df6ff89928b7513a
at org.openqa.selenium.remote.codec.w3c.W3CHttpResponseCodec.createException(W3CHttpResponseCodec.java:200)
at org.openqa.selenium.remote.codec.w3c.W3CHttpResponseCodec.decode(W3CHttpResponseCodec.java:133)
at org.openqa.selenium.remote.codec.w3c.W3CHttpResponseCodec.decode(W3CHttpResponseCodec.java:53)
at org.openqa.selenium.remote.HttpCommandExecutor.execute(HttpCommandExecutor.java:184)
at org.openqa.selenium.remote.service.DriverCommandExecutor.invokeExecute(DriverCommandExecutor.java:167)
at org.openqa.selenium.remote.service.DriverCommandExecutor.execute(DriverCommandExecutor.java:142)
at org.openqa.selenium.remote.RemoteWebDriver.execute(RemoteWebDriver.java:558)
at org.openqa.selenium.remote.RemoteWebDriver.execute(RemoteWebDriver.java:613)
at org.openqa.selenium.remote.RemoteWebDriver.execute(RemoteWebDriver.java:617)
at org.openqa.selenium.remote.RemoteWebDriver.close(RemoteWebDriver.java:443)
at amazon_task07.Amazon_Task7.shutdown(Amazon_Task7.java:57)
at java.base/java.util.concurrent.ThreadPoolExecutor.runWorker(ThreadPoolExecutor.java:1136)
at java.base/java.util.concurrent.ThreadPoolExecutor$Worker.run(ThreadPoolExecutor.java:635)
at java.base/java.lang.Thread.run(Thread.java:833)
... Removed 22 stack frames]]>
    </failure>
  </testcase> <!-- @AfterMethod shutdown -->
  <testcase classname="amazon_task07.Amazon_Task7" name="@BeforeMethod setup" time="0.0">
    <skipped/>
  </testcase> <!-- @BeforeMethod setup -->
  <testcase classname="amazon_task07.Amazon_Task7" name="@AfterMethod shutdown" time="0.0">
    <skipped/>
  </testcase> <!-- @AfterMethod shutdown -->
  <testcase classname="amazon_task07.Amazon_Task7" name="@BeforeMethod setup" time="0.0">
    <skipped/>
  </testcase> <!-- @BeforeMethod setup -->
  <testcase classname="amazon_task07.Amazon_Task7" name="@AfterMethod shutdown" time="0.0">
    <skipped/>
  </testcase> <!-- @AfterMethod shutdown -->
  <testcase classname="amazon_task07.Amazon_Task7" name="@BeforeMethod setup" time="0.0">
    <skipped/>
  </testcase> <!-- @BeforeMethod setup -->
  <testcase classname="amazon_task07.Amazon_Task7" name="@AfterMethod shutdown" time="0.0">
    <skipped/>
  </testcase> <!-- @AfterMethod shutdown -->
  <testcase classname="amazon_task07.Amazon_Task7" name="test2" time="2.619">
    <failure type="org.openqa.selenium.ElementClickInterceptedException" message="element click intercepted: Element &amp;lt;a href=&amp;quot;javascript: void(0)&amp;quot; id=&amp;quot;nav-hamburger-menu&amp;quot; role=&amp;quot;button&amp;quot; aria-label=&amp;quot;Open Menu&amp;quot; data-csa-c-type=&amp;quot;widget&amp;quot; data-csa-c-slot-id=&amp;quot;HamburgerMenuDesktop&amp;quot; data-csa-c-interaction-events=&amp;quot;click&amp;quot; data-csa-c-id=&amp;quot;ots4x5-4zcwjy-tgomgs-6ldj53&amp;quot;&amp;gt;...&amp;lt;/a&amp;gt; is not clickable at point (39, 79). Other element would receive the click: &amp;lt;div class=&amp;quot;hmenu-item hmenu-title &amp;quot;&amp;gt;...&amp;lt;/div&amp;gt;
  (Session info: MicrosoftEdge=100.0.1185.29)
Build info: version: &amp;apos;4.1.2&amp;apos;, revision: &amp;apos;9a5a329c5a&amp;apos;
System info: host: &amp;apos;QT-INNO-LT1061&amp;apos;, ip: &amp;apos;192.168.1.94&amp;apos;, os.name: &amp;apos;Windows 10&amp;apos;, os.arch: &amp;apos;amd64&amp;apos;, os.version: &amp;apos;10.0&amp;apos;, java.version: &amp;apos;17.0.2&amp;apos;
Driver info: org.openqa.selenium.edge.EdgeDriver
Command: [728de63be8e19625df6ff89928b7513a, clickElement {id=35f1c456-5e31-41c7-8156-079d204a91c3}]
Capabilities {acceptInsecureCerts: false, browserName: msedge, browserVersion: 100.0.1185.29, javascriptEnabled: true, ms:edgeOptions: {debuggerAddress: localhost:60439}, msedge: {msedgedriverVersion: 99.0.1150.46 (a1c1ea0216022..., userDataDir: C:\Users\TANNU~1.SHA\AppDat...}, networkConnectionEnabled: false, pageLoadStrategy: normal, platform: WINDOWS, platformName: WINDOWS, proxy: Proxy(), se:cdp: ws://localhost:60439/devtoo..., se:cdpVersion: 100.0.1185.29, setWindowRect: true, strictFileInteractability: false, timeouts: {implicit: 0, pageLoad: 300000, script: 30000}, unhandledPromptBehavior: dismiss and notify, webauthn:extension:credBlob: true, webauthn:extension:largeBlob: true, webauthn:virtualAuthenticators: true}
Element: [[EdgeDriver: msedge on WINDOWS (728de63be8e19625df6ff89928b7513a)] -&amp;gt; id: nav-hamburger-menu]
Session ID: 728de63be8e19625df6ff89928b7513a">
      <![CDATA[org.openqa.selenium.ElementClickInterceptedException: element click intercepted: Element <a href="javascript: void(0)" id="nav-hamburger-menu" role="button" aria-label="Open Menu" data-csa-c-type="widget" data-csa-c-slot-id="HamburgerMenuDesktop" data-csa-c-interaction-events="click" data-csa-c-id="ots4x5-4zcwjy-tgomgs-6ldj53">...</a> is not clickable at point (39, 79). Other element would receive the click: <div class="hmenu-item hmenu-title ">...</div>
  (Session info: MicrosoftEdge=100.0.1185.29)
Build info: version: '4.1.2', revision: '9a5a329c5a'
System info: host: 'QT-INNO-LT1061', ip: '192.168.1.94', os.name: 'Windows 10', os.arch: 'amd64', os.version: '10.0', java.version: '17.0.2'
Driver info: org.openqa.selenium.edge.EdgeDriver
Command: [728de63be8e19625df6ff89928b7513a, clickElement {id=35f1c456-5e31-41c7-8156-079d204a91c3}]
Capabilities {acceptInsecureCerts: false, browserName: msedge, browserVersion: 100.0.1185.29, javascriptEnabled: true, ms:edgeOptions: {debuggerAddress: localhost:60439}, msedge: {msedgedriverVersion: 99.0.1150.46 (a1c1ea0216022..., userDataDir: C:\Users\TANNU~1.SHA\AppDat...}, networkConnectionEnabled: false, pageLoadStrategy: normal, platform: WINDOWS, platformName: WINDOWS, proxy: Proxy(), se:cdp: ws://localhost:60439/devtoo..., se:cdpVersion: 100.0.1185.29, setWindowRect: true, strictFileInteractability: false, timeouts: {implicit: 0, pageLoad: 300000, script: 30000}, unhandledPromptBehavior: dismiss and notify, webauthn:extension:credBlob: true, webauthn:extension:largeBlob: true, webauthn:virtualAuthenticators: true}
Element: [[EdgeDriver: msedge on WINDOWS (728de63be8e19625df6ff89928b7513a)] -> id: nav-hamburger-menu]
Session ID: 728de63be8e19625df6ff89928b7513a
at org.openqa.selenium.remote.codec.w3c.W3CHttpResponseCodec.createException(W3CHttpResponseCodec.java:200)
at org.openqa.selenium.remote.codec.w3c.W3CHttpResponseCodec.decode(W3CHttpResponseCodec.java:133)
at org.openqa.selenium.remote.codec.w3c.W3CHttpResponseCodec.decode(W3CHttpResponseCodec.java:53)
at org.openqa.selenium.remote.HttpCommandExecutor.execute(HttpCommandExecutor.java:184)
at org.openqa.selenium.remote.service.DriverCommandExecutor.invokeExecute(DriverCommandExecutor.java:167)
at org.openqa.selenium.remote.service.DriverCommandExecutor.execute(DriverCommandExecutor.java:142)
at org.openqa.selenium.remote.RemoteWebDriver.execute(RemoteWebDriver.java:558)
at org.openqa.selenium.remote.RemoteWebElement.execute(RemoteWebElement.java:251)
at org.openqa.selenium.remote.RemoteWebElement.click(RemoteWebElement.java:77)
at amazon_task07.Amazon_Task7.test2(Amazon_Task7.java:47)
at java.base/java.util.concurrent.ThreadPoolExecutor.runWorker(ThreadPoolExecutor.java:1136)
at java.base/java.util.concurrent.ThreadPoolExecutor$Worker.run(ThreadPoolExecutor.java:635)
at java.base/java.lang.Thread.run(Thread.java:833)
... Removed 17 stack frames]]>
    </failure>
  </testcase> <!-- test2 -->
  <testcase classname="amazon_task07.Amazon_Task7" name="test" time="3.102">
    <failure type="org.openqa.selenium.NoSuchSessionException" message="invalid session id
Build info: version: &amp;apos;4.1.2&amp;apos;, revision: &amp;apos;9a5a329c5a&amp;apos;
System info: host: &amp;apos;QT-INNO-LT1061&amp;apos;, ip: &amp;apos;192.168.1.94&amp;apos;, os.name: &amp;apos;Windows 10&amp;apos;, os.arch: &amp;apos;amd64&amp;apos;, os.version: &amp;apos;10.0&amp;apos;, java.version: &amp;apos;17.0.2&amp;apos;
Driver info: org.openqa.selenium.edge.EdgeDriver
Command: [728de63be8e19625df6ff89928b7513a, clickElement {id=c20775b1-eb57-4b14-b8f9-c25e4bff5da8}]
Capabilities {acceptInsecureCerts: false, browserName: msedge, browserVersion: 100.0.1185.29, javascriptEnabled: true, ms:edgeOptions: {debuggerAddress: localhost:60439}, msedge: {msedgedriverVersion: 99.0.1150.46 (a1c1ea0216022..., userDataDir: C:\Users\TANNU~1.SHA\AppDat...}, networkConnectionEnabled: false, pageLoadStrategy: normal, platform: WINDOWS, platformName: WINDOWS, proxy: Proxy(), se:cdp: ws://localhost:60439/devtoo..., se:cdpVersion: 100.0.1185.29, setWindowRect: true, strictFileInteractability: false, timeouts: {implicit: 0, pageLoad: 300000, script: 30000}, unhandledPromptBehavior: dismiss and notify, webauthn:extension:credBlob: true, webauthn:extension:largeBlob: true, webauthn:virtualAuthenticators: true}
Element: [[EdgeDriver: msedge on WINDOWS (728de63be8e19625df6ff89928b7513a)] -&amp;gt; xpath: //ul[@class=&amp;quot;hmenu hmenu-visible&amp;quot;]//li//a[contains(.,&amp;quot;Amazon Prime Video&amp;quot;)]]
Session ID: 728de63be8e19625df6ff89928b7513a">
      <![CDATA[org.openqa.selenium.NoSuchSessionException: invalid session id
Build info: version: '4.1.2', revision: '9a5a329c5a'
System info: host: 'QT-INNO-LT1061', ip: '192.168.1.94', os.name: 'Windows 10', os.arch: 'amd64', os.version: '10.0', java.version: '17.0.2'
Driver info: org.openqa.selenium.edge.EdgeDriver
Command: [728de63be8e19625df6ff89928b7513a, clickElement {id=c20775b1-eb57-4b14-b8f9-c25e4bff5da8}]
Capabilities {acceptInsecureCerts: false, browserName: msedge, browserVersion: 100.0.1185.29, javascriptEnabled: true, ms:edgeOptions: {debuggerAddress: localhost:60439}, msedge: {msedgedriverVersion: 99.0.1150.46 (a1c1ea0216022..., userDataDir: C:\Users\TANNU~1.SHA\AppDat...}, networkConnectionEnabled: false, pageLoadStrategy: normal, platform: WINDOWS, platformName: WINDOWS, proxy: Proxy(), se:cdp: ws://localhost:60439/devtoo..., se:cdpVersion: 100.0.1185.29, setWindowRect: true, strictFileInteractability: false, timeouts: {implicit: 0, pageLoad: 300000, script: 30000}, unhandledPromptBehavior: dismiss and notify, webauthn:extension:credBlob: true, webauthn:extension:largeBlob: true, webauthn:virtualAuthenticators: true}
Element: [[EdgeDriver: msedge on WINDOWS (728de63be8e19625df6ff89928b7513a)] -> xpath: //ul[@class="hmenu hmenu-visible"]//li//a[contains(.,"Amazon Prime Video")]]
Session ID: 728de63be8e19625df6ff89928b7513a
at org.openqa.selenium.remote.codec.w3c.W3CHttpResponseCodec.createException(W3CHttpResponseCodec.java:200)
at org.openqa.selenium.remote.codec.w3c.W3CHttpResponseCodec.decode(W3CHttpResponseCodec.java:133)
at org.openqa.selenium.remote.codec.w3c.W3CHttpResponseCodec.decode(W3CHttpResponseCodec.java:53)
at org.openqa.selenium.remote.HttpCommandExecutor.execute(HttpCommandExecutor.java:184)
at org.openqa.selenium.remote.service.DriverCommandExecutor.invokeExecute(DriverCommandExecutor.java:167)
at org.openqa.selenium.remote.service.DriverCommandExecutor.execute(DriverCommandExecutor.java:142)
at org.openqa.selenium.remote.RemoteWebDriver.execute(RemoteWebDriver.java:558)
at org.openqa.selenium.remote.RemoteWebElement.execute(RemoteWebElement.java:251)
at org.openqa.selenium.remote.RemoteWebElement.click(RemoteWebElement.java:77)
at amazon_task07.Amazon_Task7.test(Amazon_Task7.java:38)
at java.base/java.util.concurrent.ThreadPoolExecutor.runWorker(ThreadPoolExecutor.java:1136)
at java.base/java.util.concurrent.ThreadPoolExecutor$Worker.run(ThreadPoolExecutor.java:635)
at java.base/java.lang.Thread.run(Thread.java:833)
... Removed 17 stack frames]]>
    </failure>
  </testcase> <!-- test -->
  <testcase classname="amazon_task07.Amazon_Task7" name="test" time="0.0">
    <skipped/>
  </testcase> <!-- test -->
  <testcase classname="amazon_task07.Amazon_Task7" name="test" time="0.0">
    <skipped/>
  </testcase> <!-- test -->
  <testcase classname="amazon_task07.Amazon_Task7" name="test" time="0.0">
    <skipped/>
  </testcase> <!-- test -->
</testsuite> <!-- Test -->
