<?xml version="1.0" encoding="UTF-8"?>
<testng-results ignored="0" total="1" passed="1" failed="0" skipped="0">
  <reporter-output>
    <line>
      <![CDATA[The test2 method executed successfully]]>
    </line>
  </reporter-output>
  <suite started-at="2022-06-20T12:41:09 IST" name="Suite" finished-at="2022-06-20T12:41:25 IST" duration-ms="15787">
    <groups>
    </groups>
    <test started-at="2022-06-20T12:41:09 IST" name="Test" finished-at="2022-06-20T12:41:25 IST" duration-ms="15787">
      <class name="amazon_task07.Amazon_Task7">
        <test-method is-config="true" signature="setup()[pri:0, instance:amazon_task07.Amazon_Task7@25084a1e]" started-at="2022-06-20T12:41:09 IST" name="setup" finished-at="2022-06-20T12:41:16 IST" duration-ms="6771" status="PASS">
          <reporter-output>
          </reporter-output>
        </test-method> <!-- setup -->
        <test-method signature="test2()[pri:0, instance:amazon_task07.Amazon_Task7@25084a1e]" started-at="2022-06-20T12:41:16 IST" name="test2" finished-at="2022-06-20T12:41:21 IST" duration-ms="4741" status="PASS">
          <reporter-output>
            <line>
              <![CDATA[The test2 method executed successfully]]>
            </line>
          </reporter-output>
        </test-method> <!-- test2 -->
        <test-method is-config="true" signature="shutdown()[pri:0, instance:amazon_task07.Amazon_Task7@25084a1e]" started-at="2022-06-20T12:41:21 IST" name="shutdown" finished-at="2022-06-20T12:41:25 IST" duration-ms="4219" status="PASS">
          <reporter-output>
          </reporter-output>
        </test-method> <!-- shutdown -->
      </class> <!-- amazon_task07.Amazon_Task7 -->
    </test> <!-- Test -->
  </suite> <!-- Suite -->
</testng-results>
